
=== Fri Nov 15 12:26:26 2019

Packages were changed.
Update Mode: mergeDefaultDependencies

The following packages were added:
  com.unity.ext.nunit@1.0.0
  com.unity.test-framework@1.0.16
  com.unity.ide.vscode@1.0.7
  com.unity.ide.visualstudio@1.0.11
  com.unity.ide.rider@1.0.8
  com.unity.ugui@1.0.0
  com.unity.modules.androidjni@1.0.0
The following packages were updated:
  com.unity.collab-proxy from version 1.2.9 to 1.2.16
  com.unity.textmeshpro from version 2.0.0 to 2.0.1
  com.unity.timeline from version 0.0.0-builtin to 1.1.0

=== Wed Nov 20 03:03:33 2019

Packages were changed.
Update Mode: updateDependencies

The following packages were updated:
  com.unity.2d.psdimporter from version 1.2.0-preview.3 to 2.0.5
  com.unity.ide.rider from version 1.0.8 to 1.1.0
  com.unity.test-framework from version 1.0.16 to 1.1.5
  com.unity.timeline from version 1.1.0 to 1.3.0-preview.3

=== Mon Aug 16 16:39:51 2021

Packages were changed.
Update Mode: updateDependencies

The following packages were updated:
  com.unity.2d.psdimporter from version 2.0.5 to 4.0.2
  com.unity.collab-proxy from version 1.2.16 to 1.3.9
  com.unity.ext.nunit from version 1.0.0 to 1.0.5
  com.unity.ide.rider from version 1.1.0 to 2.0.7
  com.unity.render-pipelines.core from version 7.2.1 to 10.2.2
  com.unity.render-pipelines.lightweight from version 7.2.1 to 10.2.2
  com.unity.shadergraph from version 7.2.1 to 10.2.2
  com.unity.test-framework from version 1.1.5 to 1.1.19
